stage: init
stage: runtime
stage: first-optimize
stage: second-optimize
stage: verify-cost
stage: verify-toolkit
stage: verify-direct
stage: verify-registry
stage: registry
stage: partition
stage: partition-soft
stage: phase-aware
stage: decode-pipeline
stage: residency-split
stage: device-agnostic
stage: rewrites
stage: epilogue-fusion
stage: chain-reduction
stage: compiled-graph
stage: validation-tier
stage: execution-graph
stage: small-fusion
stage: graph-family
stage: cpu-feedback
stage: cpu-tiles
stage: cpu-hints
stage: cpu-avx512-feedback
stage: cpu-avx512
stage: budget
stage: runtime-meta
stage: tiling
stage: scheduler
stage: lowering
stage: cpu-hints
stage: lowering-non-dl
stage: benchmarks
stage: macro
operations=5 cached=yes graphs=2 graph_passes=0 suite=long
